<?xml version="1.0" encoding="UTF-8"?>
<!-- Generated by org.testng.reporters.JUnitReportReporter -->
<testsuite skipped="0" hostname="F7HYFH2" name="com.bankguru.scripts.RegisterScript" tests="1" failures="0" timestamp="01 Oct 2019 13:21:04 GMT" time="29.271" errors="0">
  <testcase name="NC00" time="29.271" classname="com.bankguru.scripts.RegisterScript"/>
</testsuite> <!-- com.bankguru.scripts.RegisterScript -->
