<?xml version="1.0" encoding="UTF-8"?>
<!-- Generated by org.testng.reporters.JUnitReportReporter -->
<testsuite hostname="F7HYFH2" failures="0" tests="27" name="com.bankguru.scripts.NewCustomerScript" time="96.473" errors="0" timestamp="24 Oct 2019 13:35:26 GMT" skipped="0">
  <testcase classname="com.bankguru.scripts.NewCustomerScript" name="NC14" time="2.535"/>
  <testcase classname="com.bankguru.scripts.NewCustomerScript" name="NC01" time="5.191"/>
  <testcase classname="com.bankguru.scripts.NewCustomerScript" name="NC08" time="3.826"/>
  <testcase classname="com.bankguru.scripts.NewCustomerScript" name="NC10" time="4.804"/>
  <testcase classname="com.bankguru.scripts.NewCustomerScript" name="NC19" time="5.183"/>
  <testcase classname="com.bankguru.scripts.NewCustomerScript" name="NC23" time="4.158"/>
  <testcase classname="com.bankguru.scripts.NewCustomerScript" name="NC26" time="2.261"/>
  <testcase classname="com.bankguru.scripts.NewCustomerScript" name="NC15" time="4.206"/>
  <testcase classname="com.bankguru.scripts.NewCustomerScript" name="NC16" time="2.483"/>
  <testcase classname="com.bankguru.scripts.NewCustomerScript" name="NC24" time="1.283"/>
  <testcase classname="com.bankguru.scripts.NewCustomerScript" name="NC29" time="1.916"/>
  <testcase classname="com.bankguru.scripts.NewCustomerScript" name="NC18" time="3.448"/>
  <testcase classname="com.bankguru.scripts.NewCustomerScript" name="NC09" time="4.136"/>
  <testcase classname="com.bankguru.scripts.NewCustomerScript" name="NC12" time="1.343"/>
  <testcase classname="com.bankguru.scripts.NewCustomerScript" name="NC00" time="6.557"/>
  <testcase classname="com.bankguru.scripts.NewCustomerScript" name="NC03" time="3.671"/>
  <testcase classname="com.bankguru.scripts.NewCustomerScript" name="NC04" time="1.784"/>
  <testcase classname="com.bankguru.scripts.NewCustomerScript" name="NC11" time="5.865"/>
  <testcase classname="com.bankguru.scripts.NewCustomerScript" name="NC30" time="1.981"/>
  <testcase classname="com.bankguru.scripts.NewCustomerScript" name="NC25" time="4.807"/>
  <testcase classname="com.bankguru.scripts.NewCustomerScript" name="NC22" time="2.011"/>
  <testcase classname="com.bankguru.scripts.NewCustomerScript" name="NC05" time="3.062"/>
  <testcase classname="com.bankguru.scripts.NewCustomerScript" name="NC13" time="2.656"/>
  <testcase classname="com.bankguru.scripts.NewCustomerScript" name="NC27" time="6.421"/>
  <testcase classname="com.bankguru.scripts.NewCustomerScript" name="NC20" time="5.382"/>
  <testcase classname="com.bankguru.scripts.NewCustomerScript" name="NC02" time="1.843"/>
  <testcase classname="com.bankguru.scripts.NewCustomerScript" name="NC06" time="3.660"/>
</testsuite> <!-- com.bankguru.scripts.NewCustomerScript -->
