<?xml version="1.0" encoding="UTF-8"?>
<!-- Generated by org.testng.reporters.JUnitReportReporter -->
<testsuite hostname="F7HYFH2" failures="0" tests="1" name="com.bankguru.scripts.RegisterScript" time="6.944" errors="0" timestamp="24 Oct 2019 13:35:26 GMT" skipped="0">
  <testcase classname="com.bankguru.scripts.RegisterScript" name="NC00" time="6.944"/>
</testsuite> <!-- com.bankguru.scripts.RegisterScript -->
