<?xml version="1.0" encoding="UTF-8"?>
<!-- Generated by org.testng.reporters.JUnitReportReporter -->
<testsuite skipped="0" hostname="F7HYFH2" name="demoExtendReport.ExtendReport" tests="2" failures="0" timestamp="01 Oct 2019 12:26:03 GMT" time="0.414" errors="0">
  <testcase name="TC_01" time="0.305" classname="demoExtendReport.ExtendReport"/>
  <testcase name="TC_02" time="0.109" classname="demoExtendReport.ExtendReport"/>
</testsuite> <!-- demoExtendReport.ExtendReport -->
