<?xml version="1.0" encoding="UTF-8"?>
<!-- Generated by org.testng.reporters.JUnitReportReporter -->
<testsuite skipped="0" hostname="F7HYFH2" name="com.bankguru.scripts.EditCustomerScript" tests="19" failures="0" timestamp="01 Oct 2019 13:21:04 GMT" time="78.071" errors="0">
  <testcase name="EC14" time="0.182" classname="com.bankguru.scripts.EditCustomerScript"/>
  <testcase name="EC02" time="14.384" classname="com.bankguru.scripts.EditCustomerScript"/>
  <testcase name="EC19" time="0.289" classname="com.bankguru.scripts.EditCustomerScript"/>
  <testcase name="EC01" time="15.484" classname="com.bankguru.scripts.EditCustomerScript"/>
  <testcase name="EC22" time="0.194" classname="com.bankguru.scripts.EditCustomerScript"/>
  <testcase name="EC13" time="0.183" classname="com.bankguru.scripts.EditCustomerScript"/>
  <testcase name="EC17" time="0.187" classname="com.bankguru.scripts.EditCustomerScript"/>
  <testcase name="EC18" time="0.225" classname="com.bankguru.scripts.EditCustomerScript"/>
  <testcase name="EC20" time="0.179" classname="com.bankguru.scripts.EditCustomerScript"/>
  <testcase name="EC10" time="0.220" classname="com.bankguru.scripts.EditCustomerScript"/>
  <testcase name="EC11" time="0.389" classname="com.bankguru.scripts.EditCustomerScript"/>
  <testcase name="EC03" time="14.601" classname="com.bankguru.scripts.EditCustomerScript"/>
  <testcase name="EC12" time="0.362" classname="com.bankguru.scripts.EditCustomerScript"/>
  <testcase name="EC04" time="29.480" classname="com.bankguru.scripts.EditCustomerScript"/>
  <testcase name="EC21" time="0.250" classname="com.bankguru.scripts.EditCustomerScript"/>
  <testcase name="EC16" time="0.213" classname="com.bankguru.scripts.EditCustomerScript"/>
  <testcase name="EC08" time="0.512" classname="com.bankguru.scripts.EditCustomerScript"/>
  <testcase name="EC09" time="0.477" classname="com.bankguru.scripts.EditCustomerScript"/>
  <testcase name="EC15" time="0.260" classname="com.bankguru.scripts.EditCustomerScript"/>
</testsuite> <!-- com.bankguru.scripts.EditCustomerScript -->
