<?xml version="1.0" encoding="UTF-8"?>
<!-- Generated by org.testng.reporters.JUnitReportReporter -->
<testsuite skipped="0" hostname="F7HYFH2" name="com.bankguru.scripts.NewCustomerScript" tests="27" failures="0" timestamp="01 Oct 2019 13:21:04 GMT" time="335.533" errors="0">
  <testcase name="NC12" time="13.714" classname="com.bankguru.scripts.NewCustomerScript"/>
  <testcase name="NC06" time="13.431" classname="com.bankguru.scripts.NewCustomerScript"/>
  <testcase name="NC10" time="7.569" classname="com.bankguru.scripts.NewCustomerScript"/>
  <testcase name="NC18" time="13.738" classname="com.bankguru.scripts.NewCustomerScript"/>
  <testcase name="NC23" time="1.092" classname="com.bankguru.scripts.NewCustomerScript"/>
  <testcase name="NC30" time="14.195" classname="com.bankguru.scripts.NewCustomerScript"/>
  <testcase name="NC04" time="13.628" classname="com.bankguru.scripts.NewCustomerScript"/>
  <testcase name="NC13" time="7.740" classname="com.bankguru.scripts.NewCustomerScript"/>
  <testcase name="NC11" time="13.511" classname="com.bankguru.scripts.NewCustomerScript"/>
  <testcase name="NC03" time="13.744" classname="com.bankguru.scripts.NewCustomerScript"/>
  <testcase name="NC26" time="13.622" classname="com.bankguru.scripts.NewCustomerScript"/>
  <testcase name="NC14" time="13.756" classname="com.bankguru.scripts.NewCustomerScript"/>
  <testcase name="NC25" time="13.615" classname="com.bankguru.scripts.NewCustomerScript"/>
  <testcase name="NC05" time="13.832" classname="com.bankguru.scripts.NewCustomerScript"/>
  <testcase name="NC09" time="0.799" classname="com.bankguru.scripts.NewCustomerScript"/>
  <testcase name="NC02" time="13.614" classname="com.bankguru.scripts.NewCustomerScript"/>
  <testcase name="NC15" time="13.622" classname="com.bankguru.scripts.NewCustomerScript"/>
  <testcase name="NC27" time="13.708" classname="com.bankguru.scripts.NewCustomerScript"/>
  <testcase name="NC20" time="13.563" classname="com.bankguru.scripts.NewCustomerScript"/>
  <testcase name="NC16" time="13.806" classname="com.bankguru.scripts.NewCustomerScript"/>
  <testcase name="NC24" time="14.109" classname="com.bankguru.scripts.NewCustomerScript"/>
  <testcase name="NC29" time="13.599" classname="com.bankguru.scripts.NewCustomerScript"/>
  <testcase name="NC19" time="13.484" classname="com.bankguru.scripts.NewCustomerScript"/>
  <testcase name="NC22" time="13.707" classname="com.bankguru.scripts.NewCustomerScript"/>
  <testcase name="NC00" time="34.732" classname="com.bankguru.scripts.NewCustomerScript"/>
  <testcase name="NC01" time="8.273" classname="com.bankguru.scripts.NewCustomerScript"/>
  <testcase name="NC08" time="1.330" classname="com.bankguru.scripts.NewCustomerScript"/>
</testsuite> <!-- com.bankguru.scripts.NewCustomerScript -->
