<?xml version="1.0" encoding="UTF-8"?>
<!-- Generated by org.testng.reporters.JUnitReportReporter -->
<testsuite skipped="0" hostname="F7HYFH2" name="com.bankguru.scripts.LogInScript" tests="27" failures="0" timestamp="18 Aug 2019 17:51:44 GMT" time="15.017" errors="0">
  <testcase name="NC11" time="0.641" classname="com.bankguru.scripts.LogInScript"/>
  <testcase name="NC00" time="1.796" classname="com.bankguru.scripts.LogInScript"/>
  <testcase name="NC27" time="0.719" classname="com.bankguru.scripts.LogInScript"/>
  <testcase name="NC03" time="0.493" classname="com.bankguru.scripts.LogInScript"/>
  <testcase name="NC13" time="0.647" classname="com.bankguru.scripts.LogInScript"/>
  <testcase name="NC26" time="0.120" classname="com.bankguru.scripts.LogInScript"/>
  <testcase name="NC09" time="0.667" classname="com.bankguru.scripts.LogInScript"/>
  <testcase name="NC15" time="0.689" classname="com.bankguru.scripts.LogInScript"/>
  <testcase name="NC25" time="0.502" classname="com.bankguru.scripts.LogInScript"/>
  <testcase name="NC08" time="0.130" classname="com.bankguru.scripts.LogInScript"/>
  <testcase name="NC04" time="0.461" classname="com.bankguru.scripts.LogInScript"/>
  <testcase name="NC16" time="0.137" classname="com.bankguru.scripts.LogInScript"/>
  <testcase name="NC30" time="0.318" classname="com.bankguru.scripts.LogInScript"/>
  <testcase name="NC14" time="0.620" classname="com.bankguru.scripts.LogInScript"/>
  <testcase name="NC01" time="0.994" classname="com.bankguru.scripts.LogInScript"/>
  <testcase name="NC19" time="0.468" classname="com.bankguru.scripts.LogInScript"/>
  <testcase name="NC05" time="0.117" classname="com.bankguru.scripts.LogInScript"/>
  <testcase name="NC06" time="0.614" classname="com.bankguru.scripts.LogInScript"/>
  <testcase name="NC10" time="0.487" classname="com.bankguru.scripts.LogInScript"/>
  <testcase name="NC02" time="0.767" classname="com.bankguru.scripts.LogInScript"/>
  <testcase name="NC23" time="0.574" classname="com.bankguru.scripts.LogInScript"/>
  <testcase name="NC12" time="0.117" classname="com.bankguru.scripts.LogInScript"/>
  <testcase name="NC29" time="0.725" classname="com.bankguru.scripts.LogInScript"/>
  <testcase name="NC24" time="0.786" classname="com.bankguru.scripts.LogInScript"/>
  <testcase name="NC20" time="0.614" classname="com.bankguru.scripts.LogInScript"/>
  <testcase name="NC18_1" time="0.689" classname="com.bankguru.scripts.LogInScript"/>
  <testcase name="NC22" time="0.125" classname="com.bankguru.scripts.LogInScript"/>
</testsuite> <!-- com.bankguru.scripts.LogInScript -->
