<?xml version="1.0" encoding="UTF-8"?>
<!-- Generated by org.testng.reporters.JUnitReportReporter -->
<testsuite skipped="0" hostname="F7HYFH2" name="com.bankguru.scripts.EditCustomer" tests="19" failures="0" timestamp="18 Aug 2019 17:46:45 GMT" time="8.230" errors="0">
  <testcase name="EC01" time="1.585" classname="com.bankguru.scripts.EditCustomer"/>
  <testcase name="EC15" time="0.179" classname="com.bankguru.scripts.EditCustomer"/>
  <testcase name="EC13" time="0.131" classname="com.bankguru.scripts.EditCustomer"/>
  <testcase name="EC11" time="0.153" classname="com.bankguru.scripts.EditCustomer"/>
  <testcase name="EC03" time="1.156" classname="com.bankguru.scripts.EditCustomer"/>
  <testcase name="EC10" time="0.153" classname="com.bankguru.scripts.EditCustomer"/>
  <testcase name="EC19" time="0.162" classname="com.bankguru.scripts.EditCustomer"/>
  <testcase name="EC04" time="2.028" classname="com.bankguru.scripts.EditCustomer"/>
  <testcase name="EC14" time="0.145" classname="com.bankguru.scripts.EditCustomer"/>
  <testcase name="EC16" time="0.132" classname="com.bankguru.scripts.EditCustomer"/>
  <testcase name="EC08" time="0.207" classname="com.bankguru.scripts.EditCustomer"/>
  <testcase name="EC18" time="0.155" classname="com.bankguru.scripts.EditCustomer"/>
  <testcase name="EC09" time="0.154" classname="com.bankguru.scripts.EditCustomer"/>
  <testcase name="EC22" time="0.176" classname="com.bankguru.scripts.EditCustomer"/>
  <testcase name="EC02" time="1.072" classname="com.bankguru.scripts.EditCustomer"/>
  <testcase name="EC17" time="0.147" classname="com.bankguru.scripts.EditCustomer"/>
  <testcase name="EC20" time="0.137" classname="com.bankguru.scripts.EditCustomer"/>
  <testcase name="EC12" time="0.193" classname="com.bankguru.scripts.EditCustomer"/>
  <testcase name="EC21" time="0.165" classname="com.bankguru.scripts.EditCustomer"/>
</testsuite> <!-- com.bankguru.scripts.EditCustomer -->
