<?xml version="1.0" encoding="UTF-8"?>
<!-- Generated by org.testng.reporters.JUnitReportReporter -->
<testsuite hostname="F7HYFH2" failures="0" tests="19" name="com.bankguru.scripts.EditCustomerScript" time="25.410" errors="0" timestamp="24 Oct 2019 13:35:26 GMT" skipped="0">
  <testcase classname="com.bankguru.scripts.EditCustomerScript" name="EC03" time="5.164"/>
  <testcase classname="com.bankguru.scripts.EditCustomerScript" name="EC11" time="0.328"/>
  <testcase classname="com.bankguru.scripts.EditCustomerScript" name="EC19" time="0.479"/>
  <testcase classname="com.bankguru.scripts.EditCustomerScript" name="EC22" time="0.231"/>
  <testcase classname="com.bankguru.scripts.EditCustomerScript" name="EC13" time="0.197"/>
  <testcase classname="com.bankguru.scripts.EditCustomerScript" name="EC16" time="0.206"/>
  <testcase classname="com.bankguru.scripts.EditCustomerScript" name="EC15" time="0.464"/>
  <testcase classname="com.bankguru.scripts.EditCustomerScript" name="EC20" time="0.214"/>
  <testcase classname="com.bankguru.scripts.EditCustomerScript" name="EC02" time="3.103"/>
  <testcase classname="com.bankguru.scripts.EditCustomerScript" name="EC04" time="5.829"/>
  <testcase classname="com.bankguru.scripts.EditCustomerScript" name="EC08" time="0.488"/>
  <testcase classname="com.bankguru.scripts.EditCustomerScript" name="EC12" time="0.428"/>
  <testcase classname="com.bankguru.scripts.EditCustomerScript" name="EC09" time="0.328"/>
  <testcase classname="com.bankguru.scripts.EditCustomerScript" name="EC10" time="0.449"/>
  <testcase classname="com.bankguru.scripts.EditCustomerScript" name="EC21" time="0.385"/>
  <testcase classname="com.bankguru.scripts.EditCustomerScript" name="EC14" time="0.184"/>
  <testcase classname="com.bankguru.scripts.EditCustomerScript" name="EC01" time="6.389"/>
  <testcase classname="com.bankguru.scripts.EditCustomerScript" name="EC17" time="0.182"/>
  <testcase classname="com.bankguru.scripts.EditCustomerScript" name="EC18" time="0.362"/>
</testsuite> <!-- com.bankguru.scripts.EditCustomerScript -->
